<?xml version="1.0" encoding="UTF-8"?>
<testsuite name="com.example.demo.DemoAppApplicationTests" tests="1" skipped="0" failures="0" errors="0" timestamp="2025-02-24T01:17:52" hostname="RAGYARIs-Air" time="0.836">
  <properties/>
  <testcase name="contextLoads()" classname="com.example.demo.DemoAppApplicationTests" time="0.836"/>
  <system-out><![CDATA[20:17:50.140 [Test worker] INFO org.springframework.test.context.support.AnnotationConfigContextLoaderUtils -- Could not detect default configuration classes for test class [com.example.demo.DemoAppApplicationTests]: DemoAppApplicationTests does not declare any static, non-private, non-final, nested classes annotated with @Configuration.
20:17:50.317 [Test worker] INFO org.springframework.boot.test.context.SpringBootTestContextBootstrapper -- Found @SpringBootConfiguration com.example.demo.DemoAppApplication for test class com.example.demo.DemoAppApplicationTests

  .   ____          _            __ _ _
 /\\ / ___'_ __ _ _(_)_ __  __ _ \ \ \ \
( ( )\___ | '_ | '_| | '_ \/ _` | \ \ \ \
 \\/  ___)| |_)| | | | | || (_| |  ) ) ) )
  '  |____| .__|_| |_|_| |_\__, | / / / /
 =========|_|==============|___/=/_/_/_/

 :: Spring Boot ::                (v3.4.3)

2025-02-23T20:17:50.951-05:00  INFO 94314 --- [demo-app] [    Test worker] c.example.demo.DemoAppApplicationTests   : Starting DemoAppApplicationTests using Java 17.0.14 with PID 94314 (started by ragyarinagaajay in /Users/ragyarinagaajay/Downloads/demo-app)
2025-02-23T20:17:50.954-05:00  INFO 94314 --- [demo-app] [    Test worker] c.example.demo.DemoAppApplicationTests   : No active profile set, falling back to 1 default profile: "default"
2025-02-23T20:17:52.537-05:00  INFO 94314 --- [demo-app] [    Test worker] c.example.demo.DemoAppApplicationTests   : Started DemoAppApplicationTests in 2.017 seconds (process running for 3.812)
]]></system-out>
  <system-err><![CDATA[]]></system-err>
</testsuite>
